<?xml version="1.0" encoding="utf-8"?><testsuites name="pytest tests"><testsuite name="pytest" errors="0" failures="0" skipped="0" tests="19" time="3.784" timestamp="2026-03-21T01:35:38.462827+00:00" hostname="agent-env-ff548e48-00f5-47f7-9126-a5f595bdfee1"><testcase classname="backend.tests.test_p1_features.TestHealthCheck" name="test_api_health" time="0.147" /><testcase classname="backend.tests.test_p1_features.TestAdminAuth" name="test_admin_login" time="0.419" /><testcase classname="backend.tests.test_p1_features.TestAdminVerifiedBadge" name="test_get_profiles_list" time="0.423" /><testcase classname="backend.tests.test_p1_features.TestAdminVerifiedBadge" name="test_toggle_verified_badge_on" time="0.382" /><testcase classname="backend.tests.test_p1_features.TestAdminVerifiedBadge" name="test_toggle_verified_badge_off" time="0.249" /><testcase classname="backend.tests.test_p1_features.TestAdminMediaManagement" name="test_get_media_list" time="0.146" /><testcase classname="backend.tests.test_p1_features.TestAdminMediaManagement" name="test_get_media_with_type_filter" time="0.152" /><testcase classname="backend.tests.test_p1_features.TestAdminMediaManagement" name="test_upload_media_file" time="0.121" /><testcase classname="backend.tests.test_p1_features.TestAdminMediaManagement" name="test_delete_media_file" time="0.352" /><testcase classname="backend.tests.test_p1_features.TestAdminMediaManagement" name="test_delete_nonexistent_file" time="0.107" /><testcase classname="backend.tests.test_p1_features.TestStripePayments" name="test_get_packages_list" time="0.102" /><testcase classname="backend.tests.test_p1_features.TestStripePayments" name="test_payment_checkout_requires_auth" time="0.109" /><testcase classname="backend.tests.test_p1_features.TestStripePayments" name="test_payment_status_requires_auth" time="0.111" /><testcase classname="backend.tests.test_p1_features.TestWebSocketChat" name="test_websocket_endpoint_exists" time="0.000" /><testcase classname="backend.tests.test_p1_features.TestWebSocketChat" name="test_websocket_invalid_token_handling" time="0.000" /><testcase classname="backend.tests.test_p1_features.TestAdminProfileActions" name="test_toggle_vitrin" time="0.214" /><testcase classname="backend.tests.test_p1_features.TestAdminProfileActions" name="test_toggle_featured" time="0.247" /><testcase classname="backend.tests.test_p1_features.TestAdminProfileActions" name="test_toggle_homepage_vitrin" time="0.219" /><testcase classname="backend.tests.test_p1_features.TestAdminProfileActions" name="test_toggle_city_vitrin" time="0.207" /></testsuite></testsuites>