<?xml version="1.0" encoding="utf-8"?><testsuites name="pytest tests"><testsuite name="pytest" errors="0" failures="0" skipped="2" tests="21" time="6.977" timestamp="2026-03-21T03:03:03.402854+00:00" hostname="agent-env-86d94be4-0cbc-46ae-ac69-7e3798c860c5"><testcase classname="backend.tests.test_kktcx_iter9.TestHealthAndBasics" name="test_health_endpoint" time="0.251" /><testcase classname="backend.tests.test_kktcx_iter9.TestHealthAndBasics" name="test_cities_endpoint" time="0.134" /><testcase classname="backend.tests.test_kktcx_iter9.TestHealthAndBasics" name="test_categories_endpoint" time="0.167" /><testcase classname="backend.tests.test_kktcx_iter9.TestAuthentication" name="test_admin_login" time="0.391" /><testcase classname="backend.tests.test_kktcx_iter9.TestAuthentication" name="test_partner_login" time="0.126"><skipped type="pytest.skip" message="Test partner account not available">/app/backend/tests/test_kktcx_iter9.py:76: Test partner account not available</skipped></testcase><testcase classname="backend.tests.test_kktcx_iter9.TestPartnersAPI" name="test_partners_list" time="0.149" /><testcase classname="backend.tests.test_kktcx_iter9.TestPartnersAPI" name="test_partners_gender_filter" time="0.161" /><testcase classname="backend.tests.test_kktcx_iter9.TestPartnersAPI" name="test_partners_service_type_filter" time="0.137" /><testcase classname="backend.tests.test_kktcx_iter9.TestPartnersAPI" name="test_partners_city_filter" time="0.281" /><testcase classname="backend.tests.test_kktcx_iter9.TestPartnerDetail" name="test_get_partner_by_slug" time="0.295" /><testcase classname="backend.tests.test_kktcx_iter9.TestAvailabilityAPI" name="test_availability_endpoint_exists" time="0.280" /><testcase classname="backend.tests.test_kktcx_iter9.TestAvailabilityAPI" name="test_availability_with_month_param" time="0.284" /><testcase classname="backend.tests.test_kktcx_iter9.TestAppointmentsAPI" name="test_appointments_requires_auth" time="0.139" /><testcase classname="backend.tests.test_kktcx_iter9.TestAppointmentsAPI" name="test_appointments_with_auth" time="0.610" /><testcase classname="backend.tests.test_kktcx_iter9.TestAppointmentsAPI" name="test_create_appointment" time="0.836" /><testcase classname="backend.tests.test_kktcx_iter9.TestAdminAPI" name="test_admin_dashboard" time="0.494" /><testcase classname="backend.tests.test_kktcx_iter9.TestAdminAPI" name="test_admin_users_list" time="0.518" /><testcase classname="backend.tests.test_kktcx_iter9.TestAdminAPI" name="test_admin_users_filter_by_role_user" time="0.496" /><testcase classname="backend.tests.test_kktcx_iter9.TestAdminAPI" name="test_admin_users_filter_by_role_partner" time="0.496" /><testcase classname="backend.tests.test_kktcx_iter9.TestAdminAPI" name="test_admin_profiles_list" time="0.493" /><testcase classname="backend.tests.test_kktcx_iter9.TestPartnerDashboard" name="test_partner_appointments_endpoint" time="0.126"><skipped type="pytest.skip" message="Partner login failed">/app/backend/tests/test_kktcx_iter9.py:372: Partner login failed</skipped></testcase></testsuite></testsuites>