<?xml version="1.0" encoding="utf-8"?><testsuites name="pytest tests"><testsuite name="pytest" errors="0" failures="0" skipped="0" tests="30" time="6.379" timestamp="2026-03-21T01:23:57.454485+00:00" hostname="agent-env-ff548e48-00f5-47f7-9126-a5f595bdfee1"><testcase classname="tests.test_admin_settings_seo_content.TestHealthCheck" name="test_api_health" time="0.194" /><testcase classname="tests.test_admin_settings_seo_content.TestHealthCheck" name="test_api_root" time="0.115" /><testcase classname="tests.test_admin_settings_seo_content.TestAdminAuth" name="test_admin_login" time="0.337" /><testcase classname="tests.test_admin_settings_seo_content.TestAdminAuth" name="test_admin_me" time="0.124" /><testcase classname="tests.test_admin_settings_seo_content.TestAdminSettings" name="test_get_settings" time="0.453" /><testcase classname="tests.test_admin_settings_seo_content.TestAdminSettings" name="test_save_general_settings" time="0.237" /><testcase classname="tests.test_admin_settings_seo_content.TestAdminSettings" name="test_save_branding_settings" time="0.211" /><testcase classname="tests.test_admin_settings_seo_content.TestAdminSettings" name="test_save_social_settings" time="0.108" /><testcase classname="tests.test_admin_settings_seo_content.TestAdminSettings" name="test_save_features_settings" time="0.103" /><testcase classname="tests.test_admin_settings_seo_content.TestAdminSettings" name="test_save_homepage_settings" time="0.107" /><testcase classname="tests.test_admin_settings_seo_content.TestAdminSEO" name="test_get_seo_settings" time="0.461" /><testcase classname="tests.test_admin_settings_seo_content.TestAdminSEO" name="test_save_global_seo" time="0.221" /><testcase classname="tests.test_admin_settings_seo_content.TestAdminSEO" name="test_save_pages_seo" time="0.129" /><testcase classname="tests.test_admin_settings_seo_content.TestAdminSEO" name="test_save_robots_seo" time="0.194" /><testcase classname="tests.test_admin_settings_seo_content.TestAdminSEO" name="test_save_structured_data_seo" time="0.111" /><testcase classname="tests.test_admin_settings_seo_content.TestAdminContent" name="test_get_content" time="0.432" /><testcase classname="tests.test_admin_settings_seo_content.TestAdminContent" name="test_save_homepage_content_tr" time="0.247" /><testcase classname="tests.test_admin_settings_seo_content.TestAdminContent" name="test_save_about_content" time="0.109" /><testcase classname="tests.test_admin_settings_seo_content.TestAdminContent" name="test_save_contact_content" time="0.118" /><testcase classname="tests.test_admin_settings_seo_content.TestAdminContent" name="test_save_faq_content" time="0.101" /><testcase classname="tests.test_admin_settings_seo_content.TestAdminContent" name="test_save_footer_content" time="0.166" /><testcase classname="tests.test_admin_settings_seo_content.TestAdminContent" name="test_get_public_content" time="0.101" /><testcase classname="tests.test_admin_settings_seo_content.TestPartnerProfile" name="test_create_partner_profile_with_ethnicity_skin_tone" time="0.574" /><testcase classname="tests.test_admin_settings_seo_content.TestPartnerProfile" name="test_get_partner_profile_with_ethnicity_skin_tone" time="0.107" /><testcase classname="tests.test_admin_settings_seo_content.TestPartnerProfile" name="test_update_partner_profile_ethnicity_skin_tone" time="0.345" /><testcase classname="tests.test_admin_settings_seo_content.TestAdminDashboard" name="test_admin_dashboard" time="0.454" /><testcase classname="tests.test_admin_settings_seo_content.TestPublicEndpoints" name="test_get_cities" time="0.116" /><testcase classname="tests.test_admin_settings_seo_content.TestPublicEndpoints" name="test_get_categories" time="0.105" /><testcase classname="tests.test_admin_settings_seo_content.TestPublicEndpoints" name="test_get_homepage_data" time="0.132" /><testcase classname="tests.test_admin_settings_seo_content.TestPublicEndpoints" name="test_get_packages" time="0.105" /></testsuite></testsuites>