<?xml version="1.0" encoding="utf-8"?><testsuites name="pytest tests"><testsuite name="pytest" errors="0" failures="0" skipped="0" tests="10" time="4.165" timestamp="2026-03-21T02:23:37.724291+00:00" hostname="agent-env-86d94be4-0cbc-46ae-ac69-7e3798c860c5"><testcase classname="backend.tests.test_orientation_features.TestHealthCheck" name="test_api_accessible" time="0.139" /><testcase classname="backend.tests.test_orientation_features.TestUserRegistrationWithOrientations" name="test_register_user_with_single_orientation" time="0.340" /><testcase classname="backend.tests.test_orientation_features.TestUserRegistrationWithOrientations" name="test_register_user_with_multiple_orientations" time="0.326" /><testcase classname="backend.tests.test_orientation_features.TestUserRegistrationWithOrientations" name="test_register_user_without_orientations" time="0.337" /><testcase classname="backend.tests.test_orientation_features.TestUserRegistrationWithOrientations" name="test_register_user_with_gay_orientation" time="0.324" /><testcase classname="backend.tests.test_orientation_features.TestLoginReturnsOrientations" name="test_login_returns_orientations" time="0.654" /><testcase classname="backend.tests.test_orientation_features.TestAuthMeReturnsOrientations" name="test_auth_me_returns_orientations" time="0.461" /><testcase classname="backend.tests.test_orientation_features.TestProfileUpdateOrientations" name="test_update_profile_orientations" time="0.594" /><testcase classname="backend.tests.test_orientation_features.TestProfileUpdateOrientations" name="test_update_profile_change_orientations" time="0.558" /><testcase classname="backend.tests.test_orientation_features.TestExistingUserLogin" name="test_admin_login" time="0.371" /></testsuite></testsuites>