<?xml version="1.0" encoding="utf-8"?><testsuites name="pytest tests"><testsuite name="pytest" errors="0" failures="0" skipped="0" tests="14" time="3.569" timestamp="2026-03-21T02:45:05.940457+00:00" hostname="agent-env-86d94be4-0cbc-46ae-ac69-7e3798c860c5"><testcase classname="tests.test_kktcx_features.TestHealthCheck" name="test_api_health" time="0.226" /><testcase classname="tests.test_kktcx_features.TestPartnersAPI" name="test_partners_list_returns_50_profiles" time="0.141" /><testcase classname="tests.test_kktcx_features.TestPartnersAPI" name="test_partners_gender_distribution" time="0.141" /><testcase classname="tests.test_kktcx_features.TestPartnersAPI" name="test_partners_filter_by_gender" time="0.346" /><testcase classname="tests.test_kktcx_features.TestPartnersAPI" name="test_partners_filter_by_service_type" time="0.392" /><testcase classname="tests.test_kktcx_features.TestPartnersAPI" name="test_partners_age_filter" time="0.123" /><testcase classname="tests.test_kktcx_features.TestPartnerDetail" name="test_partner_detail_by_slug" time="0.292" /><testcase classname="tests.test_kktcx_features.TestAuthentication" name="test_admin_login" time="0.380" /><testcase classname="tests.test_kktcx_features.TestAuthentication" name="test_auth_me_endpoint" time="0.463" /><testcase classname="tests.test_kktcx_features.TestCitiesAndCategories" name="test_cities_endpoint" time="0.126" /><testcase classname="tests.test_kktcx_features.TestCitiesAndCategories" name="test_categories_endpoint" time="0.107" /><testcase classname="tests.test_kktcx_features.TestHomepage" name="test_homepage_data" time="0.207" /><testcase classname="tests.test_kktcx_features.TestConversations" name="test_conversations_requires_auth" time="0.103" /><testcase classname="tests.test_kktcx_features.TestConversations" name="test_conversations_with_auth" time="0.460" /></testsuite></testsuites>