<?xml version="1.0" encoding="utf-8"?><testsuites name="pytest tests"><testsuite name="pytest" errors="0" failures="0" skipped="0" tests="16" time="6.914" timestamp="2026-03-21T13:15:06.377557+00:00" hostname="agent-env-c35c164c-1ae2-4f29-954a-26cf5ff0f5e3"><testcase classname="backend.tests.test_contact_messages.TestContactFormSubmission" name="test_submit_contact_form_success" time="0.097" /><testcase classname="backend.tests.test_contact_messages.TestContactFormSubmission" name="test_submit_contact_form_without_subject" time="0.120" /><testcase classname="backend.tests.test_contact_messages.TestContactFormSubmission" name="test_submit_contact_form_missing_name" time="0.102" /><testcase classname="backend.tests.test_contact_messages.TestContactFormSubmission" name="test_submit_contact_form_missing_email" time="0.104" /><testcase classname="backend.tests.test_contact_messages.TestContactFormSubmission" name="test_submit_contact_form_missing_message" time="0.095" /><testcase classname="backend.tests.test_contact_messages.TestAdminContactMessages" name="test_get_contact_messages_list" time="0.460" /><testcase classname="backend.tests.test_contact_messages.TestAdminContactMessages" name="test_get_contact_messages_with_status_filter" time="0.450" /><testcase classname="backend.tests.test_contact_messages.TestAdminContactMessages" name="test_get_contact_messages_pagination" time="0.418" /><testcase classname="backend.tests.test_contact_messages.TestAdminContactMessages" name="test_get_single_contact_message" time="0.619" /><testcase classname="backend.tests.test_contact_messages.TestAdminContactMessages" name="test_get_nonexistent_message" time="0.473" /><testcase classname="backend.tests.test_contact_messages.TestAdminContactMessages" name="test_update_message_status" time="0.726" /><testcase classname="backend.tests.test_contact_messages.TestAdminContactMessages" name="test_update_nonexistent_message" time="0.432" /><testcase classname="backend.tests.test_contact_messages.TestAdminContactMessages" name="test_delete_message" time="0.749" /><testcase classname="backend.tests.test_contact_messages.TestAdminContactMessages" name="test_delete_nonexistent_message" time="0.423" /><testcase classname="backend.tests.test_contact_messages.TestAdminContactMessages" name="test_unauthorized_access" time="0.544" /><testcase classname="backend.tests.test_contact_messages.TestContactMessagesCleanup" name="test_cleanup_test_messages" time="1.051" /></testsuite></testsuites>