<?xml version="1.0" encoding="utf-8"?><testsuites name="pytest tests"><testsuite name="pytest" errors="0" failures="0" skipped="3" tests="11" time="3.312" timestamp="2026-03-21T10:05:27.914255+00:00" hostname="agent-env-e5a939ee-8bbc-46dd-8c6b-c8a883334bb0"><testcase classname="tests.test_partner_photos.TestPartnerPhotosAPI" name="test_01_partner_login" time="0.342" /><testcase classname="tests.test_partner_photos.TestPartnerPhotosAPI" name="test_02_get_partner_profile" time="0.418"><skipped type="pytest.skip" message="Seeded images missing 'id' field - cannot test photo management features">/app/backend/tests/test_partner_photos.py:81: Seeded images missing 'id' field - cannot test photo management features</skipped></testcase><testcase classname="tests.test_partner_photos.TestPartnerPhotosAPI" name="test_03_blur_toggle_endpoint_exists" time="0.369"><skipped type="pytest.skip" message="Seeded images missing 'id' field - cannot test blur toggle">/app/backend/tests/test_partner_photos.py:100: Seeded images missing 'id' field - cannot test blur toggle</skipped></testcase><testcase classname="tests.test_partner_photos.TestPartnerPhotosAPI" name="test_04_blur_toggle_invalid_image" time="0.365" /><testcase classname="tests.test_partner_photos.TestPartnerPhotosAPI" name="test_05_set_cover_endpoint_exists" time="0.355"><skipped type="pytest.skip" message="Seeded images missing 'id' field - cannot test set cover">/app/backend/tests/test_partner_photos.py:154: Seeded images missing 'id' field - cannot test set cover</skipped></testcase><testcase classname="tests.test_partner_photos.TestPartnerPhotosAPI" name="test_06_set_cover_invalid_image" time="0.386" /><testcase classname="tests.test_partner_photos.TestPartnerPhotosAPI" name="test_07_delete_endpoint_exists" time="0.355" /><testcase classname="tests.test_partner_photos.TestPartnerPhotosAPI" name="test_08_profile_image_stats" time="0.354" /><testcase classname="tests.test_partner_photos.TestPartnerPhotosAPI" name="test_09_blur_requires_auth" time="0.094" /><testcase classname="tests.test_partner_photos.TestPartnerPhotosAPI" name="test_10_cover_requires_auth" time="0.127" /><testcase classname="tests.test_partner_photos.TestPartnerPhotosAPI" name="test_11_delete_requires_auth" time="0.098" /></testsuite></testsuites>