<?xml version="1.0" encoding="utf-8"?><testsuites name="pytest tests"><testsuite name="pytest" errors="0" failures="0" skipped="0" tests="16" time="4.007" timestamp="2026-03-21T03:58:57.299370+00:00" hostname="agent-env-7bacd8d6-33b5-4cc3-9f87-a0b24d9ea1ea"><testcase classname="backend.tests.test_kktcx_iter10.TestAdminAuth" name="test_admin_login" time="0.535" /><testcase classname="backend.tests.test_kktcx_iter10.TestAdminAppointmentsAPI" name="test_get_appointments_list" time="0.523" /><testcase classname="backend.tests.test_kktcx_iter10.TestAdminAppointmentsAPI" name="test_get_appointments_with_status_filter" time="0.161" /><testcase classname="backend.tests.test_kktcx_iter10.TestAdminAppointmentsAPI" name="test_get_appointments_stats" time="0.112" /><testcase classname="backend.tests.test_kktcx_iter10.TestAdminAppointmentsAPI" name="test_appointments_requires_admin" time="0.250" /><testcase classname="backend.tests.test_kktcx_iter10.TestAdminAppointmentsAPI" name="test_appointment_enrichment" time="0.153" /><testcase classname="backend.tests.test_kktcx_iter10.TestAdminReportsAPI" name="test_get_reports_week" time="0.497" /><testcase classname="backend.tests.test_kktcx_iter10.TestAdminReportsAPI" name="test_get_reports_month" time="0.116" /><testcase classname="backend.tests.test_kktcx_iter10.TestAdminReportsAPI" name="test_get_reports_year" time="0.123" /><testcase classname="backend.tests.test_kktcx_iter10.TestAdminReportsAPI" name="test_reports_top_profiles" time="0.163" /><testcase classname="backend.tests.test_kktcx_iter10.TestAdminReportsAPI" name="test_reports_chart_data" time="0.113" /><testcase classname="backend.tests.test_kktcx_iter10.TestAdminReportsAPI" name="test_reports_requires_admin" time="0.093" /><testcase classname="backend.tests.test_kktcx_iter10.TestAdminDashboard" name="test_dashboard_stats" time="0.446" /><testcase classname="backend.tests.test_kktcx_iter10.TestExistingAdminEndpoints" name="test_admin_users" time="0.431" /><testcase classname="backend.tests.test_kktcx_iter10.TestExistingAdminEndpoints" name="test_admin_profiles" time="0.116" /><testcase classname="backend.tests.test_kktcx_iter10.TestExistingAdminEndpoints" name="test_admin_settings" time="0.101" /></testsuite></testsuites>