<?xml version="1.0" encoding="utf-8"?><testsuites name="pytest tests"><testsuite name="pytest" errors="0" failures="0" skipped="0" tests="30" time="9.483" timestamp="2026-03-20T23:57:13.380078+00:00" hostname="agent-env-64be1f3e-060a-4ad5-aa9c-991ce1170e6e"><testcase classname="tests.test_kktcx_api.TestHealthAndBasicEndpoints" name="test_health_endpoint" time="0.264" /><testcase classname="tests.test_kktcx_api.TestHealthAndBasicEndpoints" name="test_root_endpoint" time="0.146" /><testcase classname="tests.test_kktcx_api.TestHealthAndBasicEndpoints" name="test_cities_endpoint" time="0.152" /><testcase classname="tests.test_kktcx_api.TestHealthAndBasicEndpoints" name="test_categories_endpoint" time="0.111" /><testcase classname="tests.test_kktcx_api.TestHealthAndBasicEndpoints" name="test_packages_endpoint" time="0.108" /><testcase classname="tests.test_kktcx_api.TestAuthentication" name="test_admin_login" time="0.353" /><testcase classname="tests.test_kktcx_api.TestAuthentication" name="test_invalid_login" time="0.097" /><testcase classname="tests.test_kktcx_api.TestAuthentication" name="test_register_new_user" time="0.354" /><testcase classname="tests.test_kktcx_api.TestAuthentication" name="test_get_current_user" time="0.428" /><testcase classname="tests.test_kktcx_api.TestHomepageData" name="test_homepage_data" time="0.121" /><testcase classname="tests.test_kktcx_api.TestPartnerFilters" name="test_partners_list" time="0.111" /><testcase classname="tests.test_kktcx_api.TestPartnerFilters" name="test_filter_by_gender" time="0.309" /><testcase classname="tests.test_kktcx_api.TestPartnerFilters" name="test_filter_by_service_type" time="0.464" /><testcase classname="tests.test_kktcx_api.TestPartnerFilters" name="test_filter_by_orientation" time="0.586" /><testcase classname="tests.test_kktcx_api.TestPartnerFilters" name="test_filter_by_city" time="0.222" /><testcase classname="tests.test_kktcx_api.TestPartnerFilters" name="test_filter_available_today" time="0.108" /><testcase classname="tests.test_kktcx_api.TestPartnerFilters" name="test_sort_options" time="0.423" /><testcase classname="tests.test_kktcx_api.TestPartnerProfile" name="test_get_partner_profile_unauthorized" time="0.104" /><testcase classname="tests.test_kktcx_api.TestPartnerProfile" name="test_partner_profile_flow" time="0.534" /><testcase classname="tests.test_kktcx_api.TestAdminActions" name="test_admin_dashboard" time="0.472" /><testcase classname="tests.test_kktcx_api.TestAdminActions" name="test_admin_profiles_list" time="0.438" /><testcase classname="tests.test_kktcx_api.TestAdminActions" name="test_admin_profiles_filter_by_status" time="0.756" /><testcase classname="tests.test_kktcx_api.TestAdminActions" name="test_admin_homepage_vitrin_toggle" time="0.668" /><testcase classname="tests.test_kktcx_api.TestAdminActions" name="test_admin_city_vitrin_toggle" time="0.645" /><testcase classname="tests.test_kktcx_api.TestAdminActions" name="test_admin_approve_profile" time="0.446" /><testcase classname="tests.test_kktcx_api.TestAdminActions" name="test_admin_users_list" time="0.454" /><testcase classname="tests.test_kktcx_api.TestImageBlurFeature" name="test_image_blur_toggle_endpoint_exists" time="0.103" /><testcase classname="tests.test_kktcx_api.TestImageBlurFeature" name="test_profile_has_blur_field" time="0.147" /><testcase classname="tests.test_kktcx_api.TestSelectItemEmptyValues" name="test_partners_with_empty_filters" time="0.140" /><testcase classname="tests.test_kktcx_api.TestSelectItemEmptyValues" name="test_homepage_with_empty_lang" time="0.122" /></testsuite></testsuites>